Analysis & Synthesis report for CPU289
Mon Mar 16 16:32:58 2020
Quartus II 64-Bit Version 13.0.1 Build 232 06/12/2013 Service Pack 1 SJ Web Edition


---------------------
; Table of Contents ;
---------------------
  1. Legal Notice
  2. Analysis & Synthesis Summary
  3. Analysis & Synthesis Settings
  4. Parallel Compilation
  5. Analysis & Synthesis Source Files Read
  6. Analysis & Synthesis Resource Usage Summary
  7. Analysis & Synthesis Resource Utilization by Entity
  8. Analysis & Synthesis RAM Summary
  9. Analysis & Synthesis DSP Block Usage Summary
 10. Analysis & Synthesis IP Cores Summary
 11. State Machine - |CPU289|controlUnit:control|controlFSM:fsm|nextState
 12. Registers Removed During Synthesis
 13. General Register Statistics
 14. Inverted Register Statistics
 15. Multiplexer Restructuring Statistics (Restructuring Performed)
 16. Source assignments for instructionMemory:instROM|altsyncram:altsyncram_component|altsyncram_jf71:auto_generated
 17. Source assignments for memory:ram|altsyncram:altsyncram_component|altsyncram_pgo1:auto_generated
 18. Parameter Settings for User Entity Instance: instructionMemory:instROM|altsyncram:altsyncram_component
 19. Parameter Settings for User Entity Instance: memory:ram|altsyncram:altsyncram_component
 20. Parameter Settings for Inferred Entity Instance: alu:cpuAlu|lpm_mult:Mult0
 21. altsyncram Parameter Settings by Entity Instance
 22. lpm_mult Parameter Settings by Entity Instance
 23. Port Connectivity Checks: "reg32by32:regFile"
 24. Port Connectivity Checks: "controlUnit:control"
 25. Elapsed Time Per Partition
 26. Analysis & Synthesis Messages



----------------
; Legal Notice ;
----------------
Copyright (C) 1991-2013 Altera Corporation
Your use of Altera Corporation's design tools, logic functions 
and other software and tools, and its AMPP partner logic 
functions, and any output files from any of the foregoing 
(including device programming or simulation files), and any 
associated documentation or information are expressly subject 
to the terms and conditions of the Altera Program License 
Subscription Agreement, Altera MegaCore Function License 
Agreement, or other applicable license agreement, including, 
without limitation, that your use is for the sole purpose of 
programming logic devices manufactured by Altera and sold by 
Altera or its authorized distributors.  Please refer to the 
applicable agreement for further details.



+--------------------------------------------------------------------------------------+
; Analysis & Synthesis Summary                                                         ;
+------------------------------------+-------------------------------------------------+
; Analysis & Synthesis Status        ; Successful - Mon Mar 16 16:32:58 2020           ;
; Quartus II 64-Bit Version          ; 13.0.1 Build 232 06/12/2013 SP 1 SJ Web Edition ;
; Revision Name                      ; CPU289                                          ;
; Top-level Entity Name              ; CPU289                                          ;
; Family                             ; Cyclone II                                      ;
; Total logic elements               ; 4,357                                           ;
;     Total combinational functions  ; 3,348                                           ;
;     Dedicated logic registers      ; 1,262                                           ;
; Total registers                    ; 1262                                            ;
; Total pins                         ; 35                                              ;
; Total virtual pins                 ; 0                                               ;
; Total memory bits                  ; 163,840                                         ;
; Embedded Multiplier 9-bit elements ; 6                                               ;
; Total PLLs                         ; 0                                               ;
+------------------------------------+-------------------------------------------------+


+----------------------------------------------------------------------------------------------------------------------+
; Analysis & Synthesis Settings                                                                                        ;
+----------------------------------------------------------------------------+--------------------+--------------------+
; Option                                                                     ; Setting            ; Default Value      ;
+----------------------------------------------------------------------------+--------------------+--------------------+
; Device                                                                     ; EP2C20F484C7       ;                    ;
; Top-level entity name                                                      ; CPU289             ; CPU289             ;
; Family name                                                                ; Cyclone II         ; Cyclone IV GX      ;
; Use smart compilation                                                      ; Off                ; Off                ;
; Enable parallel Assembler and TimeQuest Timing Analyzer during compilation ; On                 ; On                 ;
; Enable compact report table                                                ; Off                ; Off                ;
; Restructure Multiplexers                                                   ; Auto               ; Auto               ;
; Create Debugging Nodes for IP Cores                                        ; Off                ; Off                ;
; Preserve fewer node names                                                  ; On                 ; On                 ;
; Disable OpenCore Plus hardware evaluation                                  ; Off                ; Off                ;
; Verilog Version                                                            ; Verilog_2001       ; Verilog_2001       ;
; VHDL Version                                                               ; VHDL_1993          ; VHDL_1993          ;
; State Machine Processing                                                   ; Auto               ; Auto               ;
; Safe State Machine                                                         ; Off                ; Off                ;
; Extract Verilog State Machines                                             ; On                 ; On                 ;
; Extract VHDL State Machines                                                ; On                 ; On                 ;
; Ignore Verilog initial constructs                                          ; Off                ; Off                ;
; Iteration limit for constant Verilog loops                                 ; 5000               ; 5000               ;
; Iteration limit for non-constant Verilog loops                             ; 250                ; 250                ;
; Add Pass-Through Logic to Inferred RAMs                                    ; On                 ; On                 ;
; Infer RAMs from Raw Logic                                                  ; On                 ; On                 ;
; Parallel Synthesis                                                         ; On                 ; On                 ;
; DSP Block Balancing                                                        ; Auto               ; Auto               ;
; NOT Gate Push-Back                                                         ; On                 ; On                 ;
; Power-Up Don't Care                                                        ; On                 ; On                 ;
; Remove Redundant Logic Cells                                               ; Off                ; Off                ;
; Remove Duplicate Registers                                                 ; On                 ; On                 ;
; Ignore CARRY Buffers                                                       ; Off                ; Off                ;
; Ignore CASCADE Buffers                                                     ; Off                ; Off                ;
; Ignore GLOBAL Buffers                                                      ; Off                ; Off                ;
; Ignore ROW GLOBAL Buffers                                                  ; Off                ; Off                ;
; Ignore LCELL Buffers                                                       ; Off                ; Off                ;
; Ignore SOFT Buffers                                                        ; On                 ; On                 ;
; Limit AHDL Integers to 32 Bits                                             ; Off                ; Off                ;
; Optimization Technique                                                     ; Balanced           ; Balanced           ;
; Carry Chain Length                                                         ; 70                 ; 70                 ;
; Auto Carry Chains                                                          ; On                 ; On                 ;
; Auto Open-Drain Pins                                                       ; On                 ; On                 ;
; Perform WYSIWYG Primitive Resynthesis                                      ; Off                ; Off                ;
; Auto ROM Replacement                                                       ; On                 ; On                 ;
; Auto RAM Replacement                                                       ; On                 ; On                 ;
; Auto Shift Register Replacement                                            ; Auto               ; Auto               ;
; Allow Shift Register Merging across Hierarchies                            ; Auto               ; Auto               ;
; Auto Clock Enable Replacement                                              ; On                 ; On                 ;
; Strict RAM Replacement                                                     ; Off                ; Off                ;
; Allow Synchronous Control Signals                                          ; On                 ; On                 ;
; Force Use of Synchronous Clear Signals                                     ; Off                ; Off                ;
; Auto RAM to Logic Cell Conversion                                          ; Off                ; Off                ;
; Auto Resource Sharing                                                      ; Off                ; Off                ;
; Allow Any RAM Size For Recognition                                         ; Off                ; Off                ;
; Allow Any ROM Size For Recognition                                         ; Off                ; Off                ;
; Allow Any Shift Register Size For Recognition                              ; Off                ; Off                ;
; Use LogicLock Constraints during Resource Balancing                        ; On                 ; On                 ;
; Ignore translate_off and synthesis_off directives                          ; Off                ; Off                ;
; Timing-Driven Synthesis                                                    ; Off                ; Off                ;
; Report Parameter Settings                                                  ; On                 ; On                 ;
; Report Source Assignments                                                  ; On                 ; On                 ;
; Report Connectivity Checks                                                 ; On                 ; On                 ;
; Ignore Maximum Fan-Out Assignments                                         ; Off                ; Off                ;
; Synchronization Register Chain Length                                      ; 2                  ; 2                  ;
; PowerPlay Power Optimization                                               ; Normal compilation ; Normal compilation ;
; HDL message level                                                          ; Level2             ; Level2             ;
; Suppress Register Optimization Related Messages                            ; Off                ; Off                ;
; Number of Removed Registers Reported in Synthesis Report                   ; 5000               ; 5000               ;
; Number of Swept Nodes Reported in Synthesis Report                         ; 5000               ; 5000               ;
; Number of Inverted Registers Reported in Synthesis Report                  ; 100                ; 100                ;
; Clock MUX Protection                                                       ; On                 ; On                 ;
; Auto Gated Clock Conversion                                                ; Off                ; Off                ;
; Block Design Naming                                                        ; Auto               ; Auto               ;
; SDC constraint protection                                                  ; Off                ; Off                ;
; Synthesis Effort                                                           ; Auto               ; Auto               ;
; Shift Register Replacement - Allow Asynchronous Clear Signal               ; On                 ; On                 ;
; Pre-Mapping Resynthesis Optimization                                       ; Off                ; Off                ;
; Analysis & Synthesis Message Level                                         ; Medium             ; Medium             ;
; Disable Register Merging Across Hierarchies                                ; Auto               ; Auto               ;
; Resource Aware Inference For Block RAM                                     ; On                 ; On                 ;
; Synthesis Seed                                                             ; 1                  ; 1                  ;
+----------------------------------------------------------------------------+--------------------+--------------------+


+------------------------------------------+
; Parallel Compilation                     ;
+----------------------------+-------------+
; Processors                 ; Number      ;
+----------------------------+-------------+
; Number detected on machine ; 12          ;
; Maximum allowed            ; 6           ;
;                            ;             ;
; Average used               ; 1.00        ;
; Maximum used               ; 1           ;
;                            ;             ;
; Usage by Processor         ; % Time Used ;
;     Processor 1            ; 100.0%      ;
;     Processors 2-12        ;   0.0%      ;
+----------------------------+-------------+


+--------------------------------------------------------------------------------------------------------------------------------------------------------------------------------+
; Analysis & Synthesis Source Files Read                                                                                                                                         ;
+----------------------------------+-----------------+---------------------------------------+-------------------------------------------------------------------------+---------+
; File Name with User-Entered Path ; Used in Netlist ; File Type                             ; File Name with Absolute Path                                            ; Library ;
+----------------------------------+-----------------+---------------------------------------+-------------------------------------------------------------------------+---------+
; sevenSegDecode.vhd               ; yes             ; User VHDL File                        ; C:/Users/idn09/Documents/ECE 289/CPU Cyclone II/sevenSegDecode.vhd      ;         ;
; memory.vhd                       ; yes             ; User Wizard-Generated File            ; C:/Users/idn09/Documents/ECE 289/CPU Cyclone II/memory.vhd              ;         ;
; instructionMemory.vhd            ; yes             ; User Wizard-Generated File            ; C:/Users/idn09/Documents/ECE 289/CPU Cyclone II/instructionMemory.vhd   ;         ;
; reg32by32.vhd                    ; yes             ; User VHDL File                        ; C:/Users/idn09/Documents/ECE 289/CPU Cyclone II/reg32by32.vhd           ;         ;
; pc_Unit.vhd                      ; yes             ; User VHDL File                        ; C:/Users/idn09/Documents/ECE 289/CPU Cyclone II/pc_Unit.vhd             ;         ;
; instDecode.vhd                   ; yes             ; User VHDL File                        ; C:/Users/idn09/Documents/ECE 289/CPU Cyclone II/instDecode.vhd          ;         ;
; CPU289.vhd                       ; yes             ; User VHDL File                        ; C:/Users/idn09/Documents/ECE 289/CPU Cyclone II/CPU289.vhd              ;         ;
; controlUnit.vhd                  ; yes             ; User VHDL File                        ; C:/Users/idn09/Documents/ECE 289/CPU Cyclone II/controlUnit.vhd         ;         ;
; controlFSM.vhd                   ; yes             ; User VHDL File                        ; C:/Users/idn09/Documents/ECE 289/CPU Cyclone II/controlFSM.vhd          ;         ;
; aluDecode.vhd                    ; yes             ; User VHDL File                        ; C:/Users/idn09/Documents/ECE 289/CPU Cyclone II/aluDecode.vhd           ;         ;
; alu.vhd                          ; yes             ; User VHDL File                        ; C:/Users/idn09/Documents/ECE 289/CPU Cyclone II/alu.vhd                 ;         ;
; addTest.hex                      ; yes             ; User Hexadecimal (Intel-Format) File  ; C:/Users/idn09/Documents/ECE 289/CPU Cyclone II/addTest.hex             ;         ;
; altsyncram.tdf                   ; yes             ; Megafunction                          ; c:/altera/13.0sp1/quartus/libraries/megafunctions/altsyncram.tdf        ;         ;
; stratix_ram_block.inc            ; yes             ; Megafunction                          ; c:/altera/13.0sp1/quartus/libraries/megafunctions/stratix_ram_block.inc ;         ;
; lpm_mux.inc                      ; yes             ; Megafunction                          ; c:/altera/13.0sp1/quartus/libraries/megafunctions/lpm_mux.inc           ;         ;
; lpm_decode.inc                   ; yes             ; Megafunction                          ; c:/altera/13.0sp1/quartus/libraries/megafunctions/lpm_decode.inc        ;         ;
; aglobal130.inc                   ; yes             ; Megafunction                          ; c:/altera/13.0sp1/quartus/libraries/megafunctions/aglobal130.inc        ;         ;
; a_rdenreg.inc                    ; yes             ; Megafunction                          ; c:/altera/13.0sp1/quartus/libraries/megafunctions/a_rdenreg.inc         ;         ;
; altrom.inc                       ; yes             ; Megafunction                          ; c:/altera/13.0sp1/quartus/libraries/megafunctions/altrom.inc            ;         ;
; altram.inc                       ; yes             ; Megafunction                          ; c:/altera/13.0sp1/quartus/libraries/megafunctions/altram.inc            ;         ;
; altdpram.inc                     ; yes             ; Megafunction                          ; c:/altera/13.0sp1/quartus/libraries/megafunctions/altdpram.inc          ;         ;
; db/altsyncram_jf71.tdf           ; yes             ; Auto-Generated Megafunction           ; C:/Users/idn09/Documents/ECE 289/CPU Cyclone II/db/altsyncram_jf71.tdf  ;         ;
; db/altsyncram_pgo1.tdf           ; yes             ; Auto-Generated Megafunction           ; C:/Users/idn09/Documents/ECE 289/CPU Cyclone II/db/altsyncram_pgo1.tdf  ;         ;
; lpm_mult.tdf                     ; yes             ; Megafunction                          ; c:/altera/13.0sp1/quartus/libraries/megafunctions/lpm_mult.tdf          ;         ;
; lpm_add_sub.inc                  ; yes             ; Megafunction                          ; c:/altera/13.0sp1/quartus/libraries/megafunctions/lpm_add_sub.inc       ;         ;
; multcore.inc                     ; yes             ; Megafunction                          ; c:/altera/13.0sp1/quartus/libraries/megafunctions/multcore.inc          ;         ;
; bypassff.inc                     ; yes             ; Megafunction                          ; c:/altera/13.0sp1/quartus/libraries/megafunctions/bypassff.inc          ;         ;
; altshift.inc                     ; yes             ; Megafunction                          ; c:/altera/13.0sp1/quartus/libraries/megafunctions/altshift.inc          ;         ;
; db/mult_i1t.tdf                  ; yes             ; Auto-Generated Megafunction           ; C:/Users/idn09/Documents/ECE 289/CPU Cyclone II/db/mult_i1t.tdf         ;         ;
+----------------------------------+-----------------+---------------------------------------+-------------------------------------------------------------------------+---------+


+------------------------------------------------------+
; Analysis & Synthesis Resource Usage Summary          ;
+---------------------------------------------+--------+
; Resource                                    ; Usage  ;
+---------------------------------------------+--------+
; Estimated Total logic elements              ; 4,357  ;
;                                             ;        ;
; Total combinational functions               ; 3348   ;
; Logic element usage by number of LUT inputs ;        ;
;     -- 4 input functions                    ; 2528   ;
;     -- 3 input functions                    ; 699    ;
;     -- <=2 input functions                  ; 121    ;
;                                             ;        ;
; Logic elements by mode                      ;        ;
;     -- normal mode                          ; 3076   ;
;     -- arithmetic mode                      ; 272    ;
;                                             ;        ;
; Total registers                             ; 1262   ;
;     -- Dedicated logic registers            ; 1262   ;
;     -- I/O registers                        ; 0      ;
;                                             ;        ;
; I/O pins                                    ; 35     ;
; Total memory bits                           ; 163840 ;
; Embedded Multiplier 9-bit elements          ; 6      ;
; Maximum fan-out node                        ; clk    ;
; Maximum fan-out                             ; 1326   ;
; Total fan-out                               ; 17223  ;
; Average fan-out                             ; 3.65   ;
+---------------------------------------------+--------+


+-------------------------------------------------------------------------------------------------------------------------------------------------------------------------------------------------------------------------------------------------------------------------+
; Analysis & Synthesis Resource Utilization by Entity                                                                                                                                                                                                                     ;
+-------------------------------------------+-------------------+--------------+-------------+--------------+---------+-----------+------+--------------+--------------------------------------------------------------------------------------------------+--------------+
; Compilation Hierarchy Node                ; LC Combinationals ; LC Registers ; Memory Bits ; DSP Elements ; DSP 9x9 ; DSP 18x18 ; Pins ; Virtual Pins ; Full Hierarchy Name                                                                              ; Library Name ;
+-------------------------------------------+-------------------+--------------+-------------+--------------+---------+-----------+------+--------------+--------------------------------------------------------------------------------------------------+--------------+
; |CPU289                                   ; 3348 (132)        ; 1262 (0)     ; 163840      ; 6            ; 0       ; 3         ; 35   ; 0            ; |CPU289                                                                                          ; work         ;
;    |alu:cpuAlu|                           ; 1307 (1293)       ; 65 (65)      ; 0           ; 6            ; 0       ; 3         ; 0    ; 0            ; |CPU289|alu:cpuAlu                                                                               ; work         ;
;       |lpm_mult:Mult0|                    ; 14 (0)            ; 0 (0)        ; 0           ; 6            ; 0       ; 3         ; 0    ; 0            ; |CPU289|alu:cpuAlu|lpm_mult:Mult0                                                                ; work         ;
;          |mult_i1t:auto_generated|        ; 14 (14)           ; 0 (0)        ; 0           ; 6            ; 0       ; 3         ; 0    ; 0            ; |CPU289|alu:cpuAlu|lpm_mult:Mult0|mult_i1t:auto_generated                                        ; work         ;
;    |controlUnit:control|                  ; 130 (0)           ; 81 (0)       ; 0           ; 0            ; 0       ; 0         ; 0    ; 0            ; |CPU289|controlUnit:control                                                                      ; work         ;
;       |aluDecode:aluDecoder|              ; 47 (47)           ; 5 (5)        ; 0           ; 0            ; 0       ; 0         ; 0    ; 0            ; |CPU289|controlUnit:control|aluDecode:aluDecoder                                                 ; work         ;
;       |controlFSM:fsm|                    ; 10 (10)           ; 6 (6)        ; 0           ; 0            ; 0       ; 0         ; 0    ; 0            ; |CPU289|controlUnit:control|controlFSM:fsm                                                       ; work         ;
;       |decode:decoder|                    ; 73 (73)           ; 70 (70)      ; 0           ; 0            ; 0       ; 0         ; 0    ; 0            ; |CPU289|controlUnit:control|decode:decoder                                                       ; work         ;
;    |instructionMemory:instROM|            ; 0 (0)             ; 0 (0)        ; 32768       ; 0            ; 0       ; 0         ; 0    ; 0            ; |CPU289|instructionMemory:instROM                                                                ; work         ;
;       |altsyncram:altsyncram_component|   ; 0 (0)             ; 0 (0)        ; 32768       ; 0            ; 0       ; 0         ; 0    ; 0            ; |CPU289|instructionMemory:instROM|altsyncram:altsyncram_component                                ; work         ;
;          |altsyncram_jf71:auto_generated| ; 0 (0)             ; 0 (0)        ; 32768       ; 0            ; 0       ; 0         ; 0    ; 0            ; |CPU289|instructionMemory:instROM|altsyncram:altsyncram_component|altsyncram_jf71:auto_generated ; work         ;
;    |memory:ram|                           ; 0 (0)             ; 0 (0)        ; 131072      ; 0            ; 0       ; 0         ; 0    ; 0            ; |CPU289|memory:ram                                                                               ; work         ;
;       |altsyncram:altsyncram_component|   ; 0 (0)             ; 0 (0)        ; 131072      ; 0            ; 0       ; 0         ; 0    ; 0            ; |CPU289|memory:ram|altsyncram:altsyncram_component                                               ; work         ;
;          |altsyncram_pgo1:auto_generated| ; 0 (0)             ; 0 (0)        ; 131072      ; 0            ; 0       ; 0         ; 0    ; 0            ; |CPU289|memory:ram|altsyncram:altsyncram_component|altsyncram_pgo1:auto_generated                ; work         ;
;    |pc_unit:programCounter|               ; 63 (63)           ; 32 (32)      ; 0           ; 0            ; 0       ; 0         ; 0    ; 0            ; |CPU289|pc_unit:programCounter                                                                   ; work         ;
;    |reg32by32:regFile|                    ; 1688 (1688)       ; 1056 (1056)  ; 0           ; 0            ; 0       ; 0         ; 0    ; 0            ; |CPU289|reg32by32:regFile                                                                        ; work         ;
;    |to_7seg:sevenSeg1|                    ; 7 (7)             ; 7 (7)        ; 0           ; 0            ; 0       ; 0         ; 0    ; 0            ; |CPU289|to_7seg:sevenSeg1                                                                        ; work         ;
;    |to_7seg:sevenSeg2|                    ; 7 (7)             ; 7 (7)        ; 0           ; 0            ; 0       ; 0         ; 0    ; 0            ; |CPU289|to_7seg:sevenSeg2                                                                        ; work         ;
;    |to_7seg:sevenSeg3|                    ; 7 (7)             ; 7 (7)        ; 0           ; 0            ; 0       ; 0         ; 0    ; 0            ; |CPU289|to_7seg:sevenSeg3                                                                        ; work         ;
;    |to_7seg:sevenSeg4|                    ; 7 (7)             ; 7 (7)        ; 0           ; 0            ; 0       ; 0         ; 0    ; 0            ; |CPU289|to_7seg:sevenSeg4                                                                        ; work         ;
+-------------------------------------------+-------------------+--------------+-------------+--------------+---------+-----------+------+--------------+--------------------------------------------------------------------------------------------------+--------------+
Note: For table entries with two numbers listed, the numbers in parentheses indicate the number of resources of the given type used by the specific entity alone. The numbers listed outside of parentheses indicate the total resources of the given type used by the specific entity and all of its sub-entities in the hierarchy.


+---------------------------------------------------------------------------------------------------------------------------------------------------------------------------------------------------------------------+
; Analysis & Synthesis RAM Summary                                                                                                                                                                                    ;
+-----------------------------------------------------------------------------------------------------+------+------------------+--------------+--------------+--------------+--------------+--------+----------------+
; Name                                                                                                ; Type ; Mode             ; Port A Depth ; Port A Width ; Port B Depth ; Port B Width ; Size   ; MIF            ;
+-----------------------------------------------------------------------------------------------------+------+------------------+--------------+--------------+--------------+--------------+--------+----------------+
; instructionMemory:instROM|altsyncram:altsyncram_component|altsyncram_jf71:auto_generated|ALTSYNCRAM ; AUTO ; ROM              ; 1024         ; 32           ; --           ; --           ; 32768  ; ../addTest.hex ;
; memory:ram|altsyncram:altsyncram_component|altsyncram_pgo1:auto_generated|ALTSYNCRAM                ; AUTO ; Simple Dual Port ; 4096         ; 32           ; 4096         ; 32           ; 131072 ; None           ;
+-----------------------------------------------------------------------------------------------------+------+------------------+--------------+--------------+--------------+--------------+--------+----------------+


+-----------------------------------------------------+
; Analysis & Synthesis DSP Block Usage Summary        ;
+---------------------------------------+-------------+
; Statistic                             ; Number Used ;
+---------------------------------------+-------------+
; Simple Multipliers (9-bit)            ; 0           ;
; Simple Multipliers (18-bit)           ; 3           ;
; Embedded Multiplier Blocks            ; --          ;
; Embedded Multiplier 9-bit elements    ; 6           ;
; Signed Embedded Multipliers           ; 0           ;
; Unsigned Embedded Multipliers         ; 1           ;
; Mixed Sign Embedded Multipliers       ; 2           ;
; Variable Sign Embedded Multipliers    ; 0           ;
; Dedicated Input Shift Register Chains ; 0           ;
+---------------------------------------+-------------+
Note: number of Embedded Multiplier Blocks used is only available after a successful fit.


+---------------------------------------------------------------------------------------------------------------------------------------------------------------------------+
; Analysis & Synthesis IP Cores Summary                                                                                                                                     ;
+--------+--------------+---------+--------------+--------------+-----------------------------------+-----------------------------------------------------------------------+
; Vendor ; IP Core Name ; Version ; Release Date ; License Type ; Entity Instance                   ; IP Include File                                                       ;
+--------+--------------+---------+--------------+--------------+-----------------------------------+-----------------------------------------------------------------------+
; Altera ; ROM: 1-PORT  ; N/A     ; N/A          ; N/A          ; |CPU289|instructionMemory:instROM ; C:/Users/idn09/Documents/ECE 289/CPU Cyclone II/instructionMemory.vhd ;
; Altera ; RAM: 2-PORT  ; N/A     ; N/A          ; N/A          ; |CPU289|memory:ram                ; C:/Users/idn09/Documents/ECE 289/CPU Cyclone II/memory.vhd            ;
+--------+--------------+---------+--------------+--------------+-----------------------------------+-----------------------------------------------------------------------+


Encoding Type:  One-Hot
+-------------------------------------------------------------------------------------------------------------------------------------+
; State Machine - |CPU289|controlUnit:control|controlFSM:fsm|nextState                                                                ;
+--------------------+--------------------+------------------+---------------+-------------------+-----------------+------------------+
; Name               ; nextState.regWrite ; nextState.memory ; nextState.ALU ; nextState.regRead ; nextState.Fetch ; nextState.Decode ;
+--------------------+--------------------+------------------+---------------+-------------------+-----------------+------------------+
; nextState.Decode   ; 0                  ; 0                ; 0             ; 0                 ; 0               ; 0                ;
; nextState.Fetch    ; 0                  ; 0                ; 0             ; 0                 ; 1               ; 1                ;
; nextState.regRead  ; 0                  ; 0                ; 0             ; 1                 ; 0               ; 1                ;
; nextState.ALU      ; 0                  ; 0                ; 1             ; 0                 ; 0               ; 1                ;
; nextState.memory   ; 0                  ; 1                ; 0             ; 0                 ; 0               ; 1                ;
; nextState.regWrite ; 1                  ; 0                ; 0             ; 0                 ; 0               ; 1                ;
+--------------------+--------------------+------------------+---------------+-------------------+-----------------+------------------+


+---------------------------------------------------------------------------------+
; Registers Removed During Synthesis                                              ;
+----------------------------------------+----------------------------------------+
; Register name                          ; Reason for Removal                     ;
+----------------------------------------+----------------------------------------+
; reg32by32:regFile|registers[0][12]     ; Stuck at GND due to stuck port data_in ;
; reg32by32:regFile|registers[0][11]     ; Stuck at GND due to stuck port data_in ;
; reg32by32:regFile|registers[0][10]     ; Stuck at GND due to stuck port data_in ;
; reg32by32:regFile|registers[0][9]      ; Stuck at GND due to stuck port data_in ;
; reg32by32:regFile|registers[0][8]      ; Stuck at GND due to stuck port data_in ;
; reg32by32:regFile|registers[0][7]      ; Stuck at GND due to stuck port data_in ;
; reg32by32:regFile|registers[0][6]      ; Stuck at GND due to stuck port data_in ;
; reg32by32:regFile|registers[0][5]      ; Stuck at GND due to stuck port data_in ;
; reg32by32:regFile|registers[0][4]      ; Stuck at GND due to stuck port data_in ;
; reg32by32:regFile|registers[0][3]      ; Stuck at GND due to stuck port data_in ;
; reg32by32:regFile|registers[0][2]      ; Stuck at GND due to stuck port data_in ;
; reg32by32:regFile|registers[0][1]      ; Stuck at GND due to stuck port data_in ;
; reg32by32:regFile|registers[0][0]      ; Stuck at GND due to stuck port data_in ;
; reg32by32:regFile|registers[0][13]     ; Stuck at GND due to stuck port data_in ;
; reg32by32:regFile|registers[0][14]     ; Stuck at GND due to stuck port data_in ;
; reg32by32:regFile|registers[0][15]     ; Stuck at GND due to stuck port data_in ;
; reg32by32:regFile|registers[0][16]     ; Stuck at GND due to stuck port data_in ;
; reg32by32:regFile|registers[0][17]     ; Stuck at GND due to stuck port data_in ;
; reg32by32:regFile|registers[0][18]     ; Stuck at GND due to stuck port data_in ;
; reg32by32:regFile|registers[0][19]     ; Stuck at GND due to stuck port data_in ;
; reg32by32:regFile|registers[0][20]     ; Stuck at GND due to stuck port data_in ;
; reg32by32:regFile|registers[0][21]     ; Stuck at GND due to stuck port data_in ;
; reg32by32:regFile|registers[0][22]     ; Stuck at GND due to stuck port data_in ;
; reg32by32:regFile|registers[0][23]     ; Stuck at GND due to stuck port data_in ;
; reg32by32:regFile|registers[0][24]     ; Stuck at GND due to stuck port data_in ;
; reg32by32:regFile|registers[0][25]     ; Stuck at GND due to stuck port data_in ;
; reg32by32:regFile|registers[0][26]     ; Stuck at GND due to stuck port data_in ;
; reg32by32:regFile|registers[0][27]     ; Stuck at GND due to stuck port data_in ;
; reg32by32:regFile|registers[0][28]     ; Stuck at GND due to stuck port data_in ;
; reg32by32:regFile|registers[0][29]     ; Stuck at GND due to stuck port data_in ;
; reg32by32:regFile|registers[0][30]     ; Stuck at GND due to stuck port data_in ;
; reg32by32:regFile|registers[0][31]     ; Stuck at GND due to stuck port data_in ;
; Total Number of Removed Registers = 32 ;                                        ;
+----------------------------------------+----------------------------------------+


+------------------------------------------------------+
; General Register Statistics                          ;
+----------------------------------------------+-------+
; Statistic                                    ; Value ;
+----------------------------------------------+-------+
; Total registers                              ; 1262  ;
; Number of registers using Synchronous Clear  ; 32    ;
; Number of registers using Synchronous Load   ; 0     ;
; Number of registers using Asynchronous Clear ; 28    ;
; Number of registers using Asynchronous Load  ; 0     ;
; Number of registers using Clock Enable       ; 1227  ;
; Number of registers using Preset             ; 0     ;
+----------------------------------------------+-------+


+--------------------------------------------------+
; Inverted Register Statistics                     ;
+----------------------------------------+---------+
; Inverted Register                      ; Fan out ;
+----------------------------------------+---------+
; to_7seg:sevenSeg1|display7[0]          ; 1       ;
; to_7seg:sevenSeg2|display7[0]          ; 1       ;
; to_7seg:sevenSeg3|display7[0]          ; 1       ;
; to_7seg:sevenSeg4|display7[0]          ; 1       ;
; reg32by32:regFile|registers[2][9]      ; 3       ;
; Total number of inverted registers = 5 ;         ;
+----------------------------------------+---------+


+------------------------------------------------------------------------------------------------------------------------------------------------------------------------+
; Multiplexer Restructuring Statistics (Restructuring Performed)                                                                                                         ;
+--------------------+-----------+---------------+----------------------+------------------------+------------+----------------------------------------------------------+
; Multiplexer Inputs ; Bus Width ; Baseline Area ; Area if Restructured ; Saving if Restructured ; Registered ; Example Multiplexer Output                               ;
+--------------------+-----------+---------------+----------------------+------------------------+------------+----------------------------------------------------------+
; 4:1                ; 30 bits   ; 60 LEs        ; 60 LEs               ; 0 LEs                  ; Yes        ; |CPU289|pc_unit:programCounter|current_pc[12]            ;
; 32:1               ; 32 bits   ; 672 LEs       ; 672 LEs              ; 0 LEs                  ; Yes        ; |CPU289|reg32by32:regFile|dataB[15]                      ;
; 7:1                ; 12 bits   ; 48 LEs        ; 24 LEs               ; 24 LEs                 ; Yes        ; |CPU289|controlUnit:control|decode:decoder|O_dataIMM[30] ;
; 34:1               ; 4 bits    ; 88 LEs        ; 8 LEs                ; 80 LEs                 ; Yes        ; |CPU289|controlUnit:control|decode:decoder|O_dataIMM[2]  ;
; 12:1               ; 8 bits    ; 64 LEs        ; 16 LEs               ; 48 LEs                 ; Yes        ; |CPU289|controlUnit:control|decode:decoder|O_dataIMM[16] ;
; 40:1               ; 7 bits    ; 182 LEs       ; 98 LEs               ; 84 LEs                 ; Yes        ; |CPU289|alu:cpuAlu|output[20]                            ;
; 38:1               ; 7 bits    ; 175 LEs       ; 91 LEs               ; 84 LEs                 ; Yes        ; |CPU289|alu:cpuAlu|output[11]                            ;
; 42:1               ; 4 bits    ; 112 LEs       ; 60 LEs               ; 52 LEs                 ; Yes        ; |CPU289|alu:cpuAlu|output[27]                            ;
; 40:1               ; 4 bits    ; 104 LEs       ; 56 LEs               ; 48 LEs                 ; Yes        ; |CPU289|alu:cpuAlu|output[7]                             ;
; 44:1               ; 2 bits    ; 58 LEs        ; 32 LEs               ; 26 LEs                 ; Yes        ; |CPU289|alu:cpuAlu|output[28]                            ;
; 42:1               ; 2 bits    ; 56 LEs        ; 32 LEs               ; 24 LEs                 ; Yes        ; |CPU289|alu:cpuAlu|output[2]                             ;
; 32:1               ; 32 bits   ; 672 LEs       ; 640 LEs              ; 32 LEs                 ; Yes        ; |CPU289|reg32by32:regFile|dataA[1]                       ;
; 32:1               ; 16 bits   ; 336 LEs       ; 320 LEs              ; 16 LEs                 ; No         ; |CPU289|reg32by32:regFile|Mux19                          ;
+--------------------+-----------+---------------+----------------------+------------------------+------------+----------------------------------------------------------+


+-----------------------------------------------------------------------------------------------------------------+
; Source assignments for instructionMemory:instROM|altsyncram:altsyncram_component|altsyncram_jf71:auto_generated ;
+---------------------------------+--------------------+------+---------------------------------------------------+
; Assignment                      ; Value              ; From ; To                                                ;
+---------------------------------+--------------------+------+---------------------------------------------------+
; OPTIMIZE_POWER_DURING_SYNTHESIS ; NORMAL_COMPILATION ; -    ; -                                                 ;
+---------------------------------+--------------------+------+---------------------------------------------------+


+--------------------------------------------------------------------------------------------------+
; Source assignments for memory:ram|altsyncram:altsyncram_component|altsyncram_pgo1:auto_generated ;
+---------------------------------+--------------------+------+------------------------------------+
; Assignment                      ; Value              ; From ; To                                 ;
+---------------------------------+--------------------+------+------------------------------------+
; OPTIMIZE_POWER_DURING_SYNTHESIS ; NORMAL_COMPILATION ; -    ; -                                  ;
+---------------------------------+--------------------+------+------------------------------------+


+--------------------------------------------------------------------------------------------------------+
; Parameter Settings for User Entity Instance: instructionMemory:instROM|altsyncram:altsyncram_component ;
+------------------------------------+----------------------+--------------------------------------------+
; Parameter Name                     ; Value                ; Type                                       ;
+------------------------------------+----------------------+--------------------------------------------+
; BYTE_SIZE_BLOCK                    ; 8                    ; Untyped                                    ;
; AUTO_CARRY_CHAINS                  ; ON                   ; AUTO_CARRY                                 ;
; IGNORE_CARRY_BUFFERS               ; OFF                  ; IGNORE_CARRY                               ;
; AUTO_CASCADE_CHAINS                ; ON                   ; AUTO_CASCADE                               ;
; IGNORE_CASCADE_BUFFERS             ; OFF                  ; IGNORE_CASCADE                             ;
; WIDTH_BYTEENA                      ; 1                    ; Untyped                                    ;
; OPERATION_MODE                     ; ROM                  ; Untyped                                    ;
; WIDTH_A                            ; 32                   ; Signed Integer                             ;
; WIDTHAD_A                          ; 10                   ; Signed Integer                             ;
; NUMWORDS_A                         ; 1024                 ; Signed Integer                             ;
; OUTDATA_REG_A                      ; CLOCK0               ; Untyped                                    ;
; ADDRESS_ACLR_A                     ; NONE                 ; Untyped                                    ;
; OUTDATA_ACLR_A                     ; NONE                 ; Untyped                                    ;
; WRCONTROL_ACLR_A                   ; NONE                 ; Untyped                                    ;
; INDATA_ACLR_A                      ; NONE                 ; Untyped                                    ;
; BYTEENA_ACLR_A                     ; NONE                 ; Untyped                                    ;
; WIDTH_B                            ; 1                    ; Untyped                                    ;
; WIDTHAD_B                          ; 1                    ; Untyped                                    ;
; NUMWORDS_B                         ; 1                    ; Untyped                                    ;
; INDATA_REG_B                       ; CLOCK1               ; Untyped                                    ;
; WRCONTROL_WRADDRESS_REG_B          ; CLOCK1               ; Untyped                                    ;
; RDCONTROL_REG_B                    ; CLOCK1               ; Untyped                                    ;
; ADDRESS_REG_B                      ; CLOCK1               ; Untyped                                    ;
; OUTDATA_REG_B                      ; UNREGISTERED         ; Untyped                                    ;
; BYTEENA_REG_B                      ; CLOCK1               ; Untyped                                    ;
; INDATA_ACLR_B                      ; NONE                 ; Untyped                                    ;
; WRCONTROL_ACLR_B                   ; NONE                 ; Untyped                                    ;
; ADDRESS_ACLR_B                     ; NONE                 ; Untyped                                    ;
; OUTDATA_ACLR_B                     ; NONE                 ; Untyped                                    ;
; RDCONTROL_ACLR_B                   ; NONE                 ; Untyped                                    ;
; BYTEENA_ACLR_B                     ; NONE                 ; Untyped                                    ;
; WIDTH_BYTEENA_A                    ; 1                    ; Signed Integer                             ;
; WIDTH_BYTEENA_B                    ; 1                    ; Untyped                                    ;
; RAM_BLOCK_TYPE                     ; AUTO                 ; Untyped                                    ;
; BYTE_SIZE                          ; 8                    ; Untyped                                    ;
; READ_DURING_WRITE_MODE_MIXED_PORTS ; DONT_CARE            ; Untyped                                    ;
; READ_DURING_WRITE_MODE_PORT_A      ; NEW_DATA_NO_NBE_READ ; Untyped                                    ;
; READ_DURING_WRITE_MODE_PORT_B      ; NEW_DATA_NO_NBE_READ ; Untyped                                    ;
; INIT_FILE                          ; ../addTest.hex       ; Untyped                                    ;
; INIT_FILE_LAYOUT                   ; PORT_A               ; Untyped                                    ;
; MAXIMUM_DEPTH                      ; 0                    ; Untyped                                    ;
; CLOCK_ENABLE_INPUT_A               ; BYPASS               ; Untyped                                    ;
; CLOCK_ENABLE_INPUT_B               ; NORMAL               ; Untyped                                    ;
; CLOCK_ENABLE_OUTPUT_A              ; BYPASS               ; Untyped                                    ;
; CLOCK_ENABLE_OUTPUT_B              ; NORMAL               ; Untyped                                    ;
; CLOCK_ENABLE_CORE_A                ; USE_INPUT_CLKEN      ; Untyped                                    ;
; CLOCK_ENABLE_CORE_B                ; USE_INPUT_CLKEN      ; Untyped                                    ;
; ENABLE_ECC                         ; FALSE                ; Untyped                                    ;
; ECC_PIPELINE_STAGE_ENABLED         ; FALSE                ; Untyped                                    ;
; WIDTH_ECCSTATUS                    ; 3                    ; Untyped                                    ;
; DEVICE_FAMILY                      ; Cyclone II           ; Untyped                                    ;
; CBXI_PARAMETER                     ; altsyncram_jf71      ; Untyped                                    ;
+------------------------------------+----------------------+--------------------------------------------+
Note: In order to hide this table in the UI and the text report file, please set the "Show Parameter Settings in Synthesis Report" option in "Analysis and Synthesis Settings -> More Settings" to "Off".


+-----------------------------------------------------------------------------------------+
; Parameter Settings for User Entity Instance: memory:ram|altsyncram:altsyncram_component ;
+------------------------------------+----------------------+-----------------------------+
; Parameter Name                     ; Value                ; Type                        ;
+------------------------------------+----------------------+-----------------------------+
; BYTE_SIZE_BLOCK                    ; 8                    ; Untyped                     ;
; AUTO_CARRY_CHAINS                  ; ON                   ; AUTO_CARRY                  ;
; IGNORE_CARRY_BUFFERS               ; OFF                  ; IGNORE_CARRY                ;
; AUTO_CASCADE_CHAINS                ; ON                   ; AUTO_CASCADE                ;
; IGNORE_CASCADE_BUFFERS             ; OFF                  ; IGNORE_CASCADE              ;
; WIDTH_BYTEENA                      ; 1                    ; Untyped                     ;
; OPERATION_MODE                     ; DUAL_PORT            ; Untyped                     ;
; WIDTH_A                            ; 32                   ; Signed Integer              ;
; WIDTHAD_A                          ; 12                   ; Signed Integer              ;
; NUMWORDS_A                         ; 4096                 ; Signed Integer              ;
; OUTDATA_REG_A                      ; UNREGISTERED         ; Untyped                     ;
; ADDRESS_ACLR_A                     ; NONE                 ; Untyped                     ;
; OUTDATA_ACLR_A                     ; NONE                 ; Untyped                     ;
; WRCONTROL_ACLR_A                   ; NONE                 ; Untyped                     ;
; INDATA_ACLR_A                      ; NONE                 ; Untyped                     ;
; BYTEENA_ACLR_A                     ; NONE                 ; Untyped                     ;
; WIDTH_B                            ; 32                   ; Signed Integer              ;
; WIDTHAD_B                          ; 12                   ; Signed Integer              ;
; NUMWORDS_B                         ; 4096                 ; Signed Integer              ;
; INDATA_REG_B                       ; CLOCK1               ; Untyped                     ;
; WRCONTROL_WRADDRESS_REG_B          ; CLOCK1               ; Untyped                     ;
; RDCONTROL_REG_B                    ; CLOCK1               ; Untyped                     ;
; ADDRESS_REG_B                      ; CLOCK0               ; Untyped                     ;
; OUTDATA_REG_B                      ; CLOCK0               ; Untyped                     ;
; BYTEENA_REG_B                      ; CLOCK1               ; Untyped                     ;
; INDATA_ACLR_B                      ; NONE                 ; Untyped                     ;
; WRCONTROL_ACLR_B                   ; NONE                 ; Untyped                     ;
; ADDRESS_ACLR_B                     ; NONE                 ; Untyped                     ;
; OUTDATA_ACLR_B                     ; NONE                 ; Untyped                     ;
; RDCONTROL_ACLR_B                   ; NONE                 ; Untyped                     ;
; BYTEENA_ACLR_B                     ; NONE                 ; Untyped                     ;
; WIDTH_BYTEENA_A                    ; 1                    ; Signed Integer              ;
; WIDTH_BYTEENA_B                    ; 1                    ; Untyped                     ;
; RAM_BLOCK_TYPE                     ; AUTO                 ; Untyped                     ;
; BYTE_SIZE                          ; 8                    ; Untyped                     ;
; READ_DURING_WRITE_MODE_MIXED_PORTS ; DONT_CARE            ; Untyped                     ;
; READ_DURING_WRITE_MODE_PORT_A      ; NEW_DATA_NO_NBE_READ ; Untyped                     ;
; READ_DURING_WRITE_MODE_PORT_B      ; NEW_DATA_NO_NBE_READ ; Untyped                     ;
; INIT_FILE                          ; UNUSED               ; Untyped                     ;
; INIT_FILE_LAYOUT                   ; PORT_A               ; Untyped                     ;
; MAXIMUM_DEPTH                      ; 0                    ; Untyped                     ;
; CLOCK_ENABLE_INPUT_A               ; BYPASS               ; Untyped                     ;
; CLOCK_ENABLE_INPUT_B               ; BYPASS               ; Untyped                     ;
; CLOCK_ENABLE_OUTPUT_A              ; BYPASS               ; Untyped                     ;
; CLOCK_ENABLE_OUTPUT_B              ; BYPASS               ; Untyped                     ;
; CLOCK_ENABLE_CORE_A                ; USE_INPUT_CLKEN      ; Untyped                     ;
; CLOCK_ENABLE_CORE_B                ; USE_INPUT_CLKEN      ; Untyped                     ;
; ENABLE_ECC                         ; FALSE                ; Untyped                     ;
; ECC_PIPELINE_STAGE_ENABLED         ; FALSE                ; Untyped                     ;
; WIDTH_ECCSTATUS                    ; 3                    ; Untyped                     ;
; DEVICE_FAMILY                      ; Cyclone II           ; Untyped                     ;
; CBXI_PARAMETER                     ; altsyncram_pgo1      ; Untyped                     ;
+------------------------------------+----------------------+-----------------------------+
Note: In order to hide this table in the UI and the text report file, please set the "Show Parameter Settings in Synthesis Report" option in "Analysis and Synthesis Settings -> More Settings" to "Off".


+-----------------------------------------------------------------------------------+
; Parameter Settings for Inferred Entity Instance: alu:cpuAlu|lpm_mult:Mult0        ;
+------------------------------------------------+------------+---------------------+
; Parameter Name                                 ; Value      ; Type                ;
+------------------------------------------------+------------+---------------------+
; AUTO_CARRY_CHAINS                              ; ON         ; AUTO_CARRY          ;
; IGNORE_CARRY_BUFFERS                           ; OFF        ; IGNORE_CARRY        ;
; AUTO_CASCADE_CHAINS                            ; ON         ; AUTO_CASCADE        ;
; IGNORE_CASCADE_BUFFERS                         ; OFF        ; IGNORE_CASCADE      ;
; LPM_WIDTHA                                     ; 32         ; Untyped             ;
; LPM_WIDTHB                                     ; 32         ; Untyped             ;
; LPM_WIDTHP                                     ; 64         ; Untyped             ;
; LPM_WIDTHR                                     ; 64         ; Untyped             ;
; LPM_WIDTHS                                     ; 1          ; Untyped             ;
; LPM_REPRESENTATION                             ; SIGNED     ; Untyped             ;
; LPM_PIPELINE                                   ; 0          ; Untyped             ;
; LATENCY                                        ; 0          ; Untyped             ;
; INPUT_A_IS_CONSTANT                            ; NO         ; Untyped             ;
; INPUT_B_IS_CONSTANT                            ; NO         ; Untyped             ;
; USE_EAB                                        ; OFF        ; Untyped             ;
; MAXIMIZE_SPEED                                 ; 5          ; Untyped             ;
; DEVICE_FAMILY                                  ; Cyclone II ; Untyped             ;
; CARRY_CHAIN                                    ; MANUAL     ; Untyped             ;
; APEX20K_TECHNOLOGY_MAPPER                      ; LUT        ; TECH_MAPPER_APEX20K ;
; DEDICATED_MULTIPLIER_CIRCUITRY                 ; AUTO       ; Untyped             ;
; DEDICATED_MULTIPLIER_MIN_INPUT_WIDTH_FOR_AUTO  ; 0          ; Untyped             ;
; DEDICATED_MULTIPLIER_MIN_OUTPUT_WIDTH_FOR_AUTO ; 0          ; Untyped             ;
; CBXI_PARAMETER                                 ; mult_i1t   ; Untyped             ;
; INPUT_A_FIXED_VALUE                            ; Bx         ; Untyped             ;
; INPUT_B_FIXED_VALUE                            ; Bx         ; Untyped             ;
; USE_AHDL_IMPLEMENTATION                        ; OFF        ; Untyped             ;
+------------------------------------------------+------------+---------------------+
Note: In order to hide this table in the UI and the text report file, please set the "Show Parameter Settings in Synthesis Report" option in "Analysis and Synthesis Settings -> More Settings" to "Off".


+-------------------------------------------------------------------------------------------------------+
; altsyncram Parameter Settings by Entity Instance                                                      ;
+-------------------------------------------+-----------------------------------------------------------+
; Name                                      ; Value                                                     ;
+-------------------------------------------+-----------------------------------------------------------+
; Number of entity instances                ; 2                                                         ;
; Entity Instance                           ; instructionMemory:instROM|altsyncram:altsyncram_component ;
;     -- OPERATION_MODE                     ; ROM                                                       ;
;     -- WIDTH_A                            ; 32                                                        ;
;     -- NUMWORDS_A                         ; 1024                                                      ;
;     -- OUTDATA_REG_A                      ; CLOCK0                                                    ;
;     -- WIDTH_B                            ; 1                                                         ;
;     -- NUMWORDS_B                         ; 1                                                         ;
;     -- ADDRESS_REG_B                      ; CLOCK1                                                    ;
;     -- OUTDATA_REG_B                      ; UNREGISTERED                                              ;
;     -- RAM_BLOCK_TYPE                     ; AUTO                                                      ;
;     -- READ_DURING_WRITE_MODE_MIXED_PORTS ; DONT_CARE                                                 ;
; Entity Instance                           ; memory:ram|altsyncram:altsyncram_component                ;
;     -- OPERATION_MODE                     ; DUAL_PORT                                                 ;
;     -- WIDTH_A                            ; 32                                                        ;
;     -- NUMWORDS_A                         ; 4096                                                      ;
;     -- OUTDATA_REG_A                      ; UNREGISTERED                                              ;
;     -- WIDTH_B                            ; 32                                                        ;
;     -- NUMWORDS_B                         ; 4096                                                      ;
;     -- ADDRESS_REG_B                      ; CLOCK0                                                    ;
;     -- OUTDATA_REG_B                      ; CLOCK0                                                    ;
;     -- RAM_BLOCK_TYPE                     ; AUTO                                                      ;
;     -- READ_DURING_WRITE_MODE_MIXED_PORTS ; DONT_CARE                                                 ;
+-------------------------------------------+-----------------------------------------------------------+


+-------------------------------------------------------------------+
; lpm_mult Parameter Settings by Entity Instance                    ;
+---------------------------------------+---------------------------+
; Name                                  ; Value                     ;
+---------------------------------------+---------------------------+
; Number of entity instances            ; 1                         ;
; Entity Instance                       ; alu:cpuAlu|lpm_mult:Mult0 ;
;     -- LPM_WIDTHA                     ; 32                        ;
;     -- LPM_WIDTHB                     ; 32                        ;
;     -- LPM_WIDTHP                     ; 64                        ;
;     -- LPM_REPRESENTATION             ; SIGNED                    ;
;     -- INPUT_A_IS_CONSTANT            ; NO                        ;
;     -- INPUT_B_IS_CONSTANT            ; NO                        ;
;     -- USE_EAB                        ; OFF                       ;
;     -- DEDICATED_MULTIPLIER_CIRCUITRY ; AUTO                      ;
;     -- INPUT_A_FIXED_VALUE            ; Bx                        ;
;     -- INPUT_B_FIXED_VALUE            ; Bx                        ;
+---------------------------------------+---------------------------+


+----------------------------------------------------------------------------------------------------------------------------+
; Port Connectivity Checks: "reg32by32:regFile"                                                                              ;
+------------------+--------+----------+-------------------------------------------------------------------------------------+
; Port             ; Type   ; Severity ; Details                                                                             ;
+------------------+--------+----------+-------------------------------------------------------------------------------------+
; data7seg[31..16] ; Output ; Info     ; Connected to dangling logic. Logic that only feeds a dangling port will be removed. ;
+------------------+--------+----------+-------------------------------------------------------------------------------------+


+--------------------------------------------------------------------------------------------------------------------+
; Port Connectivity Checks: "controlUnit:control"                                                                    ;
+----------+--------+----------+-------------------------------------------------------------------------------------+
; Port     ; Type   ; Severity ; Details                                                                             ;
+----------+--------+----------+-------------------------------------------------------------------------------------+
; memoryen ; Output ; Info     ; Connected to dangling logic. Logic that only feeds a dangling port will be removed. ;
+----------+--------+----------+-------------------------------------------------------------------------------------+


+-------------------------------+
; Elapsed Time Per Partition    ;
+----------------+--------------+
; Partition Name ; Elapsed Time ;
+----------------+--------------+
; Top            ; 00:00:07     ;
+----------------+--------------+


+-------------------------------+
; Analysis & Synthesis Messages ;
+-------------------------------+
Info: *******************************************************************
Info: Running Quartus II 64-Bit Analysis & Synthesis
    Info: Version 13.0.1 Build 232 06/12/2013 Service Pack 1 SJ Web Edition
    Info: Processing started: Mon Mar 16 16:32:48 2020
Info: Command: quartus_map --read_settings_files=on --write_settings_files=off CPU289 -c CPU289
Info (11104): Parallel Compilation has detected 12 hyper-threaded processors. However, the extra hyper-threaded processors will not be used by default. Parallel Compilation will use 6 of the 6 physical processors detected instead.
Info (12021): Found 2 design units, including 1 entities, in source file clockdivider.vhd
    Info (12022): Found design unit 1: signal_generator-behaviour
    Info (12023): Found entity 1: signal_generator
Info (12021): Found 2 design units, including 1 entities, in source file sevensegdecode.vhd
    Info (12022): Found design unit 1: to_7seg-Behavioral
    Info (12023): Found entity 1: to_7seg
Info (12021): Found 2 design units, including 1 entities, in source file memory.vhd
    Info (12022): Found design unit 1: memory-SYN
    Info (12023): Found entity 1: memory
Info (12021): Found 2 design units, including 1 entities, in source file instructionmemory.vhd
    Info (12022): Found design unit 1: instructionmemory-SYN
    Info (12023): Found entity 1: instructionMemory
Info (12021): Found 2 design units, including 1 entities, in source file reg32by32.vhd
    Info (12022): Found design unit 1: reg32by32-behavior
    Info (12023): Found entity 1: reg32by32
Info (12021): Found 2 design units, including 1 entities, in source file pc_unit.vhd
    Info (12022): Found design unit 1: pc_unit-Behavioral
    Info (12023): Found entity 1: pc_unit
Info (12021): Found 2 design units, including 1 entities, in source file instdecode.vhd
    Info (12022): Found design unit 1: decode-Behavioral
    Info (12023): Found entity 1: decode
Info (12021): Found 2 design units, including 1 entities, in source file cpu289.vhd
    Info (12022): Found design unit 1: CPU289-RTL
    Info (12023): Found entity 1: CPU289
Info (12021): Found 2 design units, including 1 entities, in source file controlunit.vhd
    Info (12022): Found design unit 1: controlUnit-RTL
    Info (12023): Found entity 1: controlUnit
Info (12021): Found 2 design units, including 1 entities, in source file controlfsm.vhd
    Info (12022): Found design unit 1: controlFSM-behavior
    Info (12023): Found entity 1: controlFSM
Info (12021): Found 2 design units, including 1 entities, in source file aludecode.vhd
    Info (12022): Found design unit 1: aluDecode-RTL
    Info (12023): Found entity 1: aluDecode
Info (12021): Found 2 design units, including 1 entities, in source file alu.vhd
    Info (12022): Found design unit 1: alu-behavioral
    Info (12023): Found entity 1: alu
Info (12127): Elaborating entity "CPU289" for the top level hierarchy
Warning (10036): Verilog HDL or VHDL warning at CPU289.vhd(125): object "memoryEn" assigned a value but never read
Info (12128): Elaborating entity "instructionMemory" for hierarchy "instructionMemory:instROM"
Info (12128): Elaborating entity "altsyncram" for hierarchy "instructionMemory:instROM|altsyncram:altsyncram_component"
Info (12130): Elaborated megafunction instantiation "instructionMemory:instROM|altsyncram:altsyncram_component"
Info (12133): Instantiated megafunction "instructionMemory:instROM|altsyncram:altsyncram_component" with the following parameter:
    Info (12134): Parameter "clock_enable_input_a" = "BYPASS"
    Info (12134): Parameter "clock_enable_output_a" = "BYPASS"
    Info (12134): Parameter "init_file" = "../addTest.hex"
    Info (12134): Parameter "intended_device_family" = "Cyclone II"
    Info (12134): Parameter "lpm_hint" = "ENABLE_RUNTIME_MOD=NO"
    Info (12134): Parameter "lpm_type" = "altsyncram"
    Info (12134): Parameter "numwords_a" = "1024"
    Info (12134): Parameter "operation_mode" = "ROM"
    Info (12134): Parameter "outdata_aclr_a" = "NONE"
    Info (12134): Parameter "outdata_reg_a" = "CLOCK0"
    Info (12134): Parameter "widthad_a" = "10"
    Info (12134): Parameter "width_a" = "32"
    Info (12134): Parameter "width_byteena_a" = "1"
Info (12021): Found 1 design units, including 1 entities, in source file db/altsyncram_jf71.tdf
    Info (12023): Found entity 1: altsyncram_jf71
Info (12128): Elaborating entity "altsyncram_jf71" for hierarchy "instructionMemory:instROM|altsyncram:altsyncram_component|altsyncram_jf71:auto_generated"
Info (12128): Elaborating entity "controlUnit" for hierarchy "controlUnit:control"
Info (12128): Elaborating entity "controlFSM" for hierarchy "controlUnit:control|controlFSM:fsm"
Info (12128): Elaborating entity "decode" for hierarchy "controlUnit:control|decode:decoder"
Warning (10492): VHDL Process Statement warning at instDecode.vhd(29): signal "I_en" is read inside the Process Statement but isn't in the Process Statement's sensitivity list
Info (12128): Elaborating entity "aluDecode" for hierarchy "controlUnit:control|aluDecode:aluDecoder"
Warning (10492): VHDL Process Statement warning at aluDecode.vhd(21): signal "en" is read inside the Process Statement but isn't in the Process Statement's sensitivity list
Info (12128): Elaborating entity "reg32by32" for hierarchy "reg32by32:regFile"
Info (12128): Elaborating entity "alu" for hierarchy "alu:cpuAlu"
Warning (10492): VHDL Process Statement warning at alu.vhd(37): signal "en" is read inside the Process Statement but isn't in the Process Statement's sensitivity list
Info (12128): Elaborating entity "memory" for hierarchy "memory:ram"
Info (12128): Elaborating entity "altsyncram" for hierarchy "memory:ram|altsyncram:altsyncram_component"
Info (12130): Elaborated megafunction instantiation "memory:ram|altsyncram:altsyncram_component"
Info (12133): Instantiated megafunction "memory:ram|altsyncram:altsyncram_component" with the following parameter:
    Info (12134): Parameter "address_reg_b" = "CLOCK0"
    Info (12134): Parameter "clock_enable_input_a" = "BYPASS"
    Info (12134): Parameter "clock_enable_input_b" = "BYPASS"
    Info (12134): Parameter "clock_enable_output_a" = "BYPASS"
    Info (12134): Parameter "clock_enable_output_b" = "BYPASS"
    Info (12134): Parameter "intended_device_family" = "Cyclone II"
    Info (12134): Parameter "lpm_type" = "altsyncram"
    Info (12134): Parameter "numwords_a" = "4096"
    Info (12134): Parameter "numwords_b" = "4096"
    Info (12134): Parameter "operation_mode" = "DUAL_PORT"
    Info (12134): Parameter "outdata_aclr_b" = "NONE"
    Info (12134): Parameter "outdata_reg_b" = "CLOCK0"
    Info (12134): Parameter "power_up_uninitialized" = "TRUE"
    Info (12134): Parameter "read_during_write_mode_mixed_ports" = "DONT_CARE"
    Info (12134): Parameter "widthad_a" = "12"
    Info (12134): Parameter "widthad_b" = "12"
    Info (12134): Parameter "width_a" = "32"
    Info (12134): Parameter "width_b" = "32"
    Info (12134): Parameter "width_byteena_a" = "1"
Info (12021): Found 1 design units, including 1 entities, in source file db/altsyncram_pgo1.tdf
    Info (12023): Found entity 1: altsyncram_pgo1
Info (12128): Elaborating entity "altsyncram_pgo1" for hierarchy "memory:ram|altsyncram:altsyncram_component|altsyncram_pgo1:auto_generated"
Info (12128): Elaborating entity "pc_unit" for hierarchy "pc_unit:programCounter"
Warning (10492): VHDL Process Statement warning at pc_Unit.vhd(21): signal "fetchEn" is read inside the Process Statement but isn't in the Process Statement's sensitivity list
Warning (10492): VHDL Process Statement warning at pc_Unit.vhd(21): signal "reset" is read inside the Process Statement but isn't in the Process Statement's sensitivity list
Info (12128): Elaborating entity "to_7seg" for hierarchy "to_7seg:sevenSeg1"
Info (278001): Inferred 1 megafunctions from design logic
    Info (278003): Inferred multiplier megafunction ("lpm_mult") from the following logic: "alu:cpuAlu|Mult0"
Info (12130): Elaborated megafunction instantiation "alu:cpuAlu|lpm_mult:Mult0"
Info (12133): Instantiated megafunction "alu:cpuAlu|lpm_mult:Mult0" with the following parameter:
    Info (12134): Parameter "LPM_WIDTHA" = "32"
    Info (12134): Parameter "LPM_WIDTHB" = "32"
    Info (12134): Parameter "LPM_WIDTHP" = "64"
    Info (12134): Parameter "LPM_WIDTHR" = "64"
    Info (12134): Parameter "LPM_WIDTHS" = "1"
    Info (12134): Parameter "LPM_REPRESENTATION" = "SIGNED"
    Info (12134): Parameter "INPUT_A_IS_CONSTANT" = "NO"
    Info (12134): Parameter "INPUT_B_IS_CONSTANT" = "NO"
    Info (12134): Parameter "MAXIMIZE_SPEED" = "5"
Info (12021): Found 1 design units, including 1 entities, in source file db/mult_i1t.tdf
    Info (12023): Found entity 1: mult_i1t
Warning (14284): Synthesized away the following node(s):
    Warning (14285): Synthesized away the following DSP element node(s):
        Warning (14320): Synthesized away node "alu:cpuAlu|lpm_mult:Mult0|mult_i1t:auto_generated|mac_mult7"
        Warning (14320): Synthesized away node "alu:cpuAlu|lpm_mult:Mult0|mult_i1t:auto_generated|mac_out8"
Info (13014): Ignored 70 buffer(s)
    Info (13019): Ignored 70 SOFT buffer(s)
Info (13000): Registers with preset signals will power-up high
Info (13003): DEV_CLRn pin will set, and not reset, register with preset signal due to NOT Gate Push-Back
Critical Warning (18061): Ignored Power-Up Level option on the following registers
    Critical Warning (18010): Register to_7seg:sevenSeg1|display7[1] will power up to Low
    Critical Warning (18010): Register to_7seg:sevenSeg1|display7[2] will power up to Low
    Critical Warning (18010): Register to_7seg:sevenSeg1|display7[3] will power up to Low
    Critical Warning (18010): Register to_7seg:sevenSeg1|display7[4] will power up to Low
    Critical Warning (18010): Register to_7seg:sevenSeg1|display7[5] will power up to Low
    Critical Warning (18010): Register to_7seg:sevenSeg1|display7[6] will power up to Low
    Critical Warning (18010): Register to_7seg:sevenSeg2|display7[1] will power up to Low
    Critical Warning (18010): Register to_7seg:sevenSeg2|display7[2] will power up to Low
    Critical Warning (18010): Register to_7seg:sevenSeg2|display7[3] will power up to Low
    Critical Warning (18010): Register to_7seg:sevenSeg2|display7[4] will power up to Low
    Critical Warning (18010): Register to_7seg:sevenSeg2|display7[5] will power up to Low
    Critical Warning (18010): Register to_7seg:sevenSeg2|display7[6] will power up to Low
    Critical Warning (18010): Register to_7seg:sevenSeg3|display7[1] will power up to Low
    Critical Warning (18010): Register to_7seg:sevenSeg3|display7[2] will power up to Low
    Critical Warning (18010): Register to_7seg:sevenSeg3|display7[3] will power up to Low
    Critical Warning (18010): Register to_7seg:sevenSeg3|display7[4] will power up to Low
    Critical Warning (18010): Register to_7seg:sevenSeg3|display7[5] will power up to Low
    Critical Warning (18010): Register to_7seg:sevenSeg3|display7[6] will power up to Low
    Critical Warning (18010): Register to_7seg:sevenSeg4|display7[1] will power up to Low
    Critical Warning (18010): Register to_7seg:sevenSeg4|display7[2] will power up to Low
    Critical Warning (18010): Register to_7seg:sevenSeg4|display7[3] will power up to Low
    Critical Warning (18010): Register to_7seg:sevenSeg4|display7[4] will power up to Low
    Critical Warning (18010): Register to_7seg:sevenSeg4|display7[5] will power up to Low
    Critical Warning (18010): Register to_7seg:sevenSeg4|display7[6] will power up to Low
Info (16010): Generating hard_block partition "hard_block:auto_generated_inst"
    Info (16011): Adding 0 node(s), including 0 DDIO, 0 PLL, 0 transceiver and 0 LCELL
Info (21057): Implemented 4495 device resources after synthesis - the final resource count might be different
    Info (21058): Implemented 7 input pins
    Info (21059): Implemented 28 output pins
    Info (21061): Implemented 4390 logic cells
    Info (21064): Implemented 64 RAM segments
    Info (21062): Implemented 6 DSP elements
Info: Quartus II 64-Bit Analysis & Synthesis was successful. 0 errors, 35 warnings
    Info: Peak virtual memory: 4690 megabytes
    Info: Processing ended: Mon Mar 16 16:32:58 2020
    Info: Elapsed time: 00:00:10
    Info: Total CPU time (on all processors): 00:00:10


